[0.396s] Invoking command in '/home/jun/ros_ws/camera/src/camera': PYTHONPATH=/home/jun/ros_ws/camera/build/camera/prefix_override:/home/jun/ros_ws/camera/install/camera/lib/python3.10/site-packages:${PYTHONPATH} /usr/bin/python3 -W ignore:setup.py install is deprecated setup.py egg_info --egg-base ../../build/camera build --build-base /home/jun/ros_ws/camera/build/camera/build install --record /home/jun/ros_ws/camera/build/camera/install.log --single-version-externally-managed install_data
[0.558s] running egg_info
[0.558s] writing ../../build/camera/camera.egg-info/PKG-INFO
[0.558s] writing dependency_links to ../../build/camera/camera.egg-info/dependency_links.txt
[0.558s] writing entry points to ../../build/camera/camera.egg-info/entry_points.txt
[0.558s] writing requirements to ../../build/camera/camera.egg-info/requires.txt
[0.558s] writing top-level names to ../../build/camera/camera.egg-info/top_level.txt
[0.560s] reading manifest file '../../build/camera/camera.egg-info/SOURCES.txt'
[0.560s] writing manifest file '../../build/camera/camera.egg-info/SOURCES.txt'
[0.560s] running build
[0.560s] running build_py
[0.560s] copying camera/median.py -> /home/jun/ros_ws/camera/build/camera/build/lib/camera
[0.560s] copying camera/bolok.py -> /home/jun/ros_ws/camera/build/camera/build/lib/camera
[0.560s] copying camera/camera.py -> /home/jun/ros_ws/camera/build/camera/build/lib/camera
[0.561s] copying camera/mirror_edge.py -> /home/jun/ros_ws/camera/build/camera/build/lib/camera
[0.561s] copying camera/record.py -> /home/jun/ros_ws/camera/build/camera/build/lib/camera
[0.561s] copying camera/blur.py -> /home/jun/ros_ws/camera/build/camera/build/lib/camera
[0.561s] copying camera/rens.py -> /home/jun/ros_ws/camera/build/camera/build/lib/camera
[0.561s] copying camera/Sharpening.py -> /home/jun/ros_ws/camera/build/camera/build/lib/camera
[0.561s] running install
[0.561s] running install_lib
[0.562s] copying /home/jun/ros_ws/camera/build/camera/build/lib/camera/median.py -> /home/jun/ros_ws/camera/install/camera/lib/python3.10/site-packages/camera
[0.562s] copying /home/jun/ros_ws/camera/build/camera/build/lib/camera/bolok.py -> /home/jun/ros_ws/camera/install/camera/lib/python3.10/site-packages/camera
[0.562s] copying /home/jun/ros_ws/camera/build/camera/build/lib/camera/camera.py -> /home/jun/ros_ws/camera/install/camera/lib/python3.10/site-packages/camera
[0.562s] copying /home/jun/ros_ws/camera/build/camera/build/lib/camera/mirror_edge.py -> /home/jun/ros_ws/camera/install/camera/lib/python3.10/site-packages/camera
[0.562s] copying /home/jun/ros_ws/camera/build/camera/build/lib/camera/record.py -> /home/jun/ros_ws/camera/install/camera/lib/python3.10/site-packages/camera
[0.562s] copying /home/jun/ros_ws/camera/build/camera/build/lib/camera/blur.py -> /home/jun/ros_ws/camera/install/camera/lib/python3.10/site-packages/camera
[0.562s] copying /home/jun/ros_ws/camera/build/camera/build/lib/camera/rens.py -> /home/jun/ros_ws/camera/install/camera/lib/python3.10/site-packages/camera
[0.562s] copying /home/jun/ros_ws/camera/build/camera/build/lib/camera/Sharpening.py -> /home/jun/ros_ws/camera/install/camera/lib/python3.10/site-packages/camera
[0.563s] byte-compiling /home/jun/ros_ws/camera/install/camera/lib/python3.10/site-packages/camera/median.py to median.cpython-310.pyc
[0.563s] byte-compiling /home/jun/ros_ws/camera/install/camera/lib/python3.10/site-packages/camera/bolok.py to bolok.cpython-310.pyc
[0.563s] byte-compiling /home/jun/ros_ws/camera/install/camera/lib/python3.10/site-packages/camera/camera.py to camera.cpython-310.pyc
[0.564s] byte-compiling /home/jun/ros_ws/camera/install/camera/lib/python3.10/site-packages/camera/mirror_edge.py to mirror_edge.cpython-310.pyc
[0.564s] byte-compiling /home/jun/ros_ws/camera/install/camera/lib/python3.10/site-packages/camera/record.py to record.cpython-310.pyc
[0.564s] byte-compiling /home/jun/ros_ws/camera/install/camera/lib/python3.10/site-packages/camera/blur.py to blur.cpython-310.pyc
[0.565s] byte-compiling /home/jun/ros_ws/camera/install/camera/lib/python3.10/site-packages/camera/rens.py to rens.cpython-310.pyc
[0.565s] byte-compiling /home/jun/ros_ws/camera/install/camera/lib/python3.10/site-packages/camera/Sharpening.py to Sharpening.cpython-310.pyc
[0.565s] running install_data
[0.565s] running install_egg_info
[0.567s] removing '/home/jun/ros_ws/camera/install/camera/lib/python3.10/site-packages/camera-0.0.0-py3.10.egg-info' (and everything under it)
[0.567s] Copying ../../build/camera/camera.egg-info to /home/jun/ros_ws/camera/install/camera/lib/python3.10/site-packages/camera-0.0.0-py3.10.egg-info
[0.567s] running install_scripts
[0.580s] Installing Sharpening script to /home/jun/ros_ws/camera/install/camera/lib/camera
[0.580s] Installing blur script to /home/jun/ros_ws/camera/install/camera/lib/camera
[0.580s] Installing bolok script to /home/jun/ros_ws/camera/install/camera/lib/camera
[0.580s] Installing camera script to /home/jun/ros_ws/camera/install/camera/lib/camera
[0.580s] Installing median script to /home/jun/ros_ws/camera/install/camera/lib/camera
[0.580s] Installing mirror_edge script to /home/jun/ros_ws/camera/install/camera/lib/camera
[0.580s] Installing record script to /home/jun/ros_ws/camera/install/camera/lib/camera
[0.580s] Installing rens script to /home/jun/ros_ws/camera/install/camera/lib/camera
[0.581s] writing list of installed files to '/home/jun/ros_ws/camera/build/camera/install.log'
[0.596s] Invoked command in '/home/jun/ros_ws/camera/src/camera' returned '0': PYTHONPATH=/home/jun/ros_ws/camera/build/camera/prefix_override:/home/jun/ros_ws/camera/install/camera/lib/python3.10/site-packages:${PYTHONPATH} /usr/bin/python3 -W ignore:setup.py install is deprecated setup.py egg_info --egg-base ../../build/camera build --build-base /home/jun/ros_ws/camera/build/camera/build install --record /home/jun/ros_ws/camera/build/camera/install.log --single-version-externally-managed install_data
