running egg_info
creating ../build/camera/camera.egg-info
writing ../build/camera/camera.egg-info/PKG-INFO
writing dependency_links to ../build/camera/camera.egg-info/dependency_links.txt
writing entry points to ../build/camera/camera.egg-info/entry_points.txt
writing requirements to ../build/camera/camera.egg-info/requires.txt
writing top-level names to ../build/camera/camera.egg-info/top_level.txt
writing manifest file '../build/camera/camera.egg-info/SOURCES.txt'
reading manifest file '../build/camera/camera.egg-info/SOURCES.txt'
writing manifest file '../build/camera/camera.egg-info/SOURCES.txt'
running build
running build_py
creating /home/jun/ros_ws/camera/src/build/camera/build
creating /home/jun/ros_ws/camera/src/build/camera/build/lib
creating /home/jun/ros_ws/camera/src/build/camera/build/lib/camera
copying camera/median.py -> /home/jun/ros_ws/camera/src/build/camera/build/lib/camera
copying camera/bolok.py -> /home/jun/ros_ws/camera/src/build/camera/build/lib/camera
copying camera/camera.py -> /home/jun/ros_ws/camera/src/build/camera/build/lib/camera
copying camera/__init__.py -> /home/jun/ros_ws/camera/src/build/camera/build/lib/camera
copying camera/mirror_edge.py -> /home/jun/ros_ws/camera/src/build/camera/build/lib/camera
copying camera/blur.py -> /home/jun/ros_ws/camera/src/build/camera/build/lib/camera
copying camera/rens.py -> /home/jun/ros_ws/camera/src/build/camera/build/lib/camera
copying camera/Sharpening.py -> /home/jun/ros_ws/camera/src/build/camera/build/lib/camera
running install
running install_lib
creating /home/jun/ros_ws/camera/src/install/camera/lib/python3.10/site-packages/camera
copying /home/jun/ros_ws/camera/src/build/camera/build/lib/camera/median.py -> /home/jun/ros_ws/camera/src/install/camera/lib/python3.10/site-packages/camera
copying /home/jun/ros_ws/camera/src/build/camera/build/lib/camera/bolok.py -> /home/jun/ros_ws/camera/src/install/camera/lib/python3.10/site-packages/camera
copying /home/jun/ros_ws/camera/src/build/camera/build/lib/camera/camera.py -> /home/jun/ros_ws/camera/src/install/camera/lib/python3.10/site-packages/camera
copying /home/jun/ros_ws/camera/src/build/camera/build/lib/camera/__init__.py -> /home/jun/ros_ws/camera/src/install/camera/lib/python3.10/site-packages/camera
copying /home/jun/ros_ws/camera/src/build/camera/build/lib/camera/mirror_edge.py -> /home/jun/ros_ws/camera/src/install/camera/lib/python3.10/site-packages/camera
copying /home/jun/ros_ws/camera/src/build/camera/build/lib/camera/blur.py -> /home/jun/ros_ws/camera/src/install/camera/lib/python3.10/site-packages/camera
copying /home/jun/ros_ws/camera/src/build/camera/build/lib/camera/rens.py -> /home/jun/ros_ws/camera/src/install/camera/lib/python3.10/site-packages/camera
copying /home/jun/ros_ws/camera/src/build/camera/build/lib/camera/Sharpening.py -> /home/jun/ros_ws/camera/src/install/camera/lib/python3.10/site-packages/camera
byte-compiling /home/jun/ros_ws/camera/src/install/camera/lib/python3.10/site-packages/camera/median.py to median.cpython-310.pyc
byte-compiling /home/jun/ros_ws/camera/src/install/camera/lib/python3.10/site-packages/camera/bolok.py to bolok.cpython-310.pyc
byte-compiling /home/jun/ros_ws/camera/src/install/camera/lib/python3.10/site-packages/camera/camera.py to camera.cpython-310.pyc
byte-compiling /home/jun/ros_ws/camera/src/install/camera/lib/python3.10/site-packages/camera/__init__.py to __init__.cpython-310.pyc
byte-compiling /home/jun/ros_ws/camera/src/install/camera/lib/python3.10/site-packages/camera/mirror_edge.py to mirror_edge.cpython-310.pyc
byte-compiling /home/jun/ros_ws/camera/src/install/camera/lib/python3.10/site-packages/camera/blur.py to blur.cpython-310.pyc
byte-compiling /home/jun/ros_ws/camera/src/install/camera/lib/python3.10/site-packages/camera/rens.py to rens.cpython-310.pyc
byte-compiling /home/jun/ros_ws/camera/src/install/camera/lib/python3.10/site-packages/camera/Sharpening.py to Sharpening.cpython-310.pyc
running install_data
creating /home/jun/ros_ws/camera/src/install/camera/share/ament_index
creating /home/jun/ros_ws/camera/src/install/camera/share/ament_index/resource_index
creating /home/jun/ros_ws/camera/src/install/camera/share/ament_index/resource_index/packages
copying resource/camera -> /home/jun/ros_ws/camera/src/install/camera/share/ament_index/resource_index/packages
copying package.xml -> /home/jun/ros_ws/camera/src/install/camera/share/camera
creating /home/jun/ros_ws/camera/src/install/camera/share/camera/launch
copying launch/camera.launch.py -> /home/jun/ros_ws/camera/src/install/camera/share/camera/launch
creating /home/jun/ros_ws/camera/src/install/camera/share/camera/param
copying param/size.yaml -> /home/jun/ros_ws/camera/src/install/camera/share/camera/param
running install_egg_info
Copying ../build/camera/camera.egg-info to /home/jun/ros_ws/camera/src/install/camera/lib/python3.10/site-packages/camera-0.0.0-py3.10.egg-info
running install_scripts
Installing Sharpening script to /home/jun/ros_ws/camera/src/install/camera/lib/camera
Installing blur script to /home/jun/ros_ws/camera/src/install/camera/lib/camera
Installing bolok script to /home/jun/ros_ws/camera/src/install/camera/lib/camera
Installing camera script to /home/jun/ros_ws/camera/src/install/camera/lib/camera
Installing median script to /home/jun/ros_ws/camera/src/install/camera/lib/camera
Installing mirror_edge script to /home/jun/ros_ws/camera/src/install/camera/lib/camera
Installing rens script to /home/jun/ros_ws/camera/src/install/camera/lib/camera
writing list of installed files to '/home/jun/ros_ws/camera/src/build/camera/install.log'
