[0.444s] Invoking command in '/home/jun/ros_ws/camera/src/camera': PYTHONPATH=/home/jun/ros_ws/camera/build/camera/prefix_override:/home/jun/ros_ws/camera/install/camera/lib/python3.10/site-packages:${PYTHONPATH} /usr/bin/python3 -W ignore:setup.py install is deprecated setup.py egg_info --egg-base ../../build/camera build --build-base /home/jun/ros_ws/camera/build/camera/build install --record /home/jun/ros_ws/camera/build/camera/install.log --single-version-externally-managed install_data
[0.601s] running egg_info
[0.602s] writing ../../build/camera/camera.egg-info/PKG-INFO
[0.602s] writing dependency_links to ../../build/camera/camera.egg-info/dependency_links.txt
[0.602s] writing entry points to ../../build/camera/camera.egg-info/entry_points.txt
[0.602s] writing requirements to ../../build/camera/camera.egg-info/requires.txt
[0.602s] writing top-level names to ../../build/camera/camera.egg-info/top_level.txt
[0.603s] reading manifest file '../../build/camera/camera.egg-info/SOURCES.txt'
[0.604s] writing manifest file '../../build/camera/camera.egg-info/SOURCES.txt'
[0.604s] running build
[0.604s] running build_py
[0.604s] running install
[0.604s] running install_lib
[0.605s] running install_data
[0.605s] copying param/size.yaml -> /home/jun/ros_ws/camera/install/camera/share/camera/param
[0.605s] running install_egg_info
[0.606s] removing '/home/jun/ros_ws/camera/install/camera/lib/python3.10/site-packages/camera-0.0.0-py3.10.egg-info' (and everything under it)
[0.606s] Copying ../../build/camera/camera.egg-info to /home/jun/ros_ws/camera/install/camera/lib/python3.10/site-packages/camera-0.0.0-py3.10.egg-info
[0.607s] running install_scripts
[0.620s] Installing Sharpening script to /home/jun/ros_ws/camera/install/camera/lib/camera
[0.620s] Installing blur script to /home/jun/ros_ws/camera/install/camera/lib/camera
[0.620s] Installing bolok script to /home/jun/ros_ws/camera/install/camera/lib/camera
[0.620s] Installing camera script to /home/jun/ros_ws/camera/install/camera/lib/camera
[0.620s] Installing edge script to /home/jun/ros_ws/camera/install/camera/lib/camera
[0.620s] Installing median script to /home/jun/ros_ws/camera/install/camera/lib/camera
[0.620s] Installing record script to /home/jun/ros_ws/camera/install/camera/lib/camera
[0.620s] Installing rens script to /home/jun/ros_ws/camera/install/camera/lib/camera
[0.620s] writing list of installed files to '/home/jun/ros_ws/camera/build/camera/install.log'
[0.637s] Invoked command in '/home/jun/ros_ws/camera/src/camera' returned '0': PYTHONPATH=/home/jun/ros_ws/camera/build/camera/prefix_override:/home/jun/ros_ws/camera/install/camera/lib/python3.10/site-packages:${PYTHONPATH} /usr/bin/python3 -W ignore:setup.py install is deprecated setup.py egg_info --egg-base ../../build/camera build --build-base /home/jun/ros_ws/camera/build/camera/build install --record /home/jun/ros_ws/camera/build/camera/install.log --single-version-externally-managed install_data
