running egg_info
writing ../../build/camera/camera.egg-info/PKG-INFO
writing dependency_links to ../../build/camera/camera.egg-info/dependency_links.txt
writing entry points to ../../build/camera/camera.egg-info/entry_points.txt
writing requirements to ../../build/camera/camera.egg-info/requires.txt
writing top-level names to ../../build/camera/camera.egg-info/top_level.txt
reading manifest file '../../build/camera/camera.egg-info/SOURCES.txt'
writing manifest file '../../build/camera/camera.egg-info/SOURCES.txt'
running build
running build_py
copying camera/edge.py -> /home/jun/ros_ws/camera/build/camera/build/lib/camera
running install
running install_lib
copying /home/jun/ros_ws/camera/build/camera/build/lib/camera/edge.py -> /home/jun/ros_ws/camera/install/camera/lib/python3.10/site-packages/camera
byte-compiling /home/jun/ros_ws/camera/install/camera/lib/python3.10/site-packages/camera/edge.py to edge.cpython-310.pyc
running install_data
running install_egg_info
removing '/home/jun/ros_ws/camera/install/camera/lib/python3.10/site-packages/camera-0.0.0-py3.10.egg-info' (and everything under it)
Copying ../../build/camera/camera.egg-info to /home/jun/ros_ws/camera/install/camera/lib/python3.10/site-packages/camera-0.0.0-py3.10.egg-info
running install_scripts
Installing Sharpening script to /home/jun/ros_ws/camera/install/camera/lib/camera
Installing blur script to /home/jun/ros_ws/camera/install/camera/lib/camera
Installing bolok script to /home/jun/ros_ws/camera/install/camera/lib/camera
Installing camera script to /home/jun/ros_ws/camera/install/camera/lib/camera
Installing edge script to /home/jun/ros_ws/camera/install/camera/lib/camera
Installing median script to /home/jun/ros_ws/camera/install/camera/lib/camera
Installing record script to /home/jun/ros_ws/camera/install/camera/lib/camera
Installing rens script to /home/jun/ros_ws/camera/install/camera/lib/camera
writing list of installed files to '/home/jun/ros_ws/camera/build/camera/install.log'
