/home/jun/ros_ws/camera/install/camera/lib/python3.10/site-packages/camera/median.py
/home/jun/ros_ws/camera/install/camera/lib/python3.10/site-packages/camera/bolok.py
/home/jun/ros_ws/camera/install/camera/lib/python3.10/site-packages/camera/camera.py
/home/jun/ros_ws/camera/install/camera/lib/python3.10/site-packages/camera/__init__.py
/home/jun/ros_ws/camera/install/camera/lib/python3.10/site-packages/camera/record.py
/home/jun/ros_ws/camera/install/camera/lib/python3.10/site-packages/camera/blur.py
/home/jun/ros_ws/camera/install/camera/lib/python3.10/site-packages/camera/rens.py
/home/jun/ros_ws/camera/install/camera/lib/python3.10/site-packages/camera/edge.py
/home/jun/ros_ws/camera/install/camera/lib/python3.10/site-packages/camera/Sharpening.py
/home/jun/ros_ws/camera/install/camera/lib/python3.10/site-packages/camera/__pycache__/median.cpython-310.pyc
/home/jun/ros_ws/camera/install/camera/lib/python3.10/site-packages/camera/__pycache__/bolok.cpython-310.pyc
/home/jun/ros_ws/camera/install/camera/lib/python3.10/site-packages/camera/__pycache__/camera.cpython-310.pyc
/home/jun/ros_ws/camera/install/camera/lib/python3.10/site-packages/camera/__pycache__/__init__.cpython-310.pyc
/home/jun/ros_ws/camera/install/camera/lib/python3.10/site-packages/camera/__pycache__/record.cpython-310.pyc
/home/jun/ros_ws/camera/install/camera/lib/python3.10/site-packages/camera/__pycache__/blur.cpython-310.pyc
/home/jun/ros_ws/camera/install/camera/lib/python3.10/site-packages/camera/__pycache__/rens.cpython-310.pyc
/home/jun/ros_ws/camera/install/camera/lib/python3.10/site-packages/camera/__pycache__/edge.cpython-310.pyc
/home/jun/ros_ws/camera/install/camera/lib/python3.10/site-packages/camera/__pycache__/Sharpening.cpython-310.pyc
/home/jun/ros_ws/camera/install/camera/share/ament_index/resource_index/packages/camera
/home/jun/ros_ws/camera/install/camera/share/camera/package.xml
/home/jun/ros_ws/camera/install/camera/share/camera/launch/camera.launch.py
/home/jun/ros_ws/camera/install/camera/share/camera/param/size.yaml
/home/jun/ros_ws/camera/install/camera/lib/python3.10/site-packages/camera-0.0.0-py3.10.egg-info/zip-safe
/home/jun/ros_ws/camera/install/camera/lib/python3.10/site-packages/camera-0.0.0-py3.10.egg-info/entry_points.txt
/home/jun/ros_ws/camera/install/camera/lib/python3.10/site-packages/camera-0.0.0-py3.10.egg-info/dependency_links.txt
/home/jun/ros_ws/camera/install/camera/lib/python3.10/site-packages/camera-0.0.0-py3.10.egg-info/SOURCES.txt
/home/jun/ros_ws/camera/install/camera/lib/python3.10/site-packages/camera-0.0.0-py3.10.egg-info/requires.txt
/home/jun/ros_ws/camera/install/camera/lib/python3.10/site-packages/camera-0.0.0-py3.10.egg-info/top_level.txt
/home/jun/ros_ws/camera/install/camera/lib/python3.10/site-packages/camera-0.0.0-py3.10.egg-info/PKG-INFO
/home/jun/ros_ws/camera/install/camera/lib/camera/Sharpening
/home/jun/ros_ws/camera/install/camera/lib/camera/blur
/home/jun/ros_ws/camera/install/camera/lib/camera/bolok
/home/jun/ros_ws/camera/install/camera/lib/camera/camera
/home/jun/ros_ws/camera/install/camera/lib/camera/edge
/home/jun/ros_ws/camera/install/camera/lib/camera/median
/home/jun/ros_ws/camera/install/camera/lib/camera/record
/home/jun/ros_ws/camera/install/camera/lib/camera/rens
